<?xml version="1.0" encoding="UTF-8"?>
<testsuite name="JUnit Jupiter" tests="2" skipped="0" failures="0" errors="0" time="48" hostname="CLVITN-6D9BJG3" timestamp="2023-03-04T15:23:28">
<properties>
[...]
</properties>
<testcase name="verifyPresenceOfDemoLinkOnHomePage" classname="com.idera.testrail.tests.HomePageTest" time="8" started-at="2023-03-04T14:23:19.7265397" finished-at="2023-03-04T14:23:28.1641005">
<system-out><![CDATA[
unique-id: [engine:junit-jupiter]/[class:com.idera.testrail.tests.HomePageTest]/[method:verifyPresenceOfDemoLinkOnHomePage()]
display-name: verifyPresenceOfDemoLinkOnHomePage()
]]></system-out>
<properties>
</properties>
</testcase>
<testcase name="verifyTitleOfHomePage" classname="com.idera.testrail.tests.HomePageTest" time="40" started-at="2023-03-04T14:22:39.4770328" finished-at="2023-03-04T14:23:19.7255372">
<system-out><![CDATA[
unique-id: [engine:junit-jupiter]/[class:com.idera.testrail.tests.HomePageTest]/[method:verifyTitleOfHomePage()]
display-name: verifyTitleOfHomePage()
]]></system-out>
<properties>
</properties>
</testcase>
<system-out><![CDATA[
unique-id: [engine:junit-jupiter]
display-name: JUnit Jupiter
]]></system-out>
</testsuite>
